c:\풀무 2018-2\윈도우 프로그래밍 및 실습\20150269_practice5_1\20150269_practice5_1\debug\20150269_practice5_1.pch
c:\풀무 2018-2\윈도우 프로그래밍 및 실습\20150269_practice5_1\20150269_practice5_1\debug\vc140.pdb
c:\풀무 2018-2\윈도우 프로그래밍 및 실습\20150269_practice5_1\20150269_practice5_1\debug\vc140.idb
c:\풀무 2018-2\윈도우 프로그래밍 및 실습\20150269_practice5_1\20150269_practice5_1\debug\stdafx.obj
c:\풀무 2018-2\윈도우 프로그래밍 및 실습\20150269_practice5_1\20150269_practice5_1\debug\20150269_practice5_1.obj
c:\풀무 2018-2\윈도우 프로그래밍 및 실습\20150269_practice5_1\20150269_practice5_1\debug\20150269_practice5_1doc.obj
c:\풀무 2018-2\윈도우 프로그래밍 및 실습\20150269_practice5_1\20150269_practice5_1\debug\20150269_practice5_1view.obj
c:\풀무 2018-2\윈도우 프로그래밍 및 실습\20150269_practice5_1\20150269_practice5_1\debug\mainfrm.obj
c:\풀무 2018-2\윈도우 프로그래밍 및 실습\20150269_practice5_1\debug\20150269_practice5_1.ilk
c:\풀무 2018-2\윈도우 프로그래밍 및 실습\20150269_practice5_1\debug\20150269_practice5_1.exe
c:\풀무 2018-2\윈도우 프로그래밍 및 실습\20150269_practice5_1\debug\20150269_practice5_1.pdb
c:\풀무 2018-2\윈도우 프로그래밍 및 실습\20150269_practice5_1\20150269_practice5_1\debug\20150269_practice5_1.res
c:\풀무 2018-2\윈도우 프로그래밍 및 실습\20150269_practice5_1\20150269_practice5_1\debug\20150269.3b55aa62.tlog\cl.command.1.tlog
c:\풀무 2018-2\윈도우 프로그래밍 및 실습\20150269_practice5_1\20150269_practice5_1\debug\20150269.3b55aa62.tlog\cl.read.1.tlog
c:\풀무 2018-2\윈도우 프로그래밍 및 실습\20150269_practice5_1\20150269_practice5_1\debug\20150269.3b55aa62.tlog\cl.write.1.tlog
c:\풀무 2018-2\윈도우 프로그래밍 및 실습\20150269_practice5_1\20150269_practice5_1\debug\20150269.3b55aa62.tlog\link.command.1.tlog
c:\풀무 2018-2\윈도우 프로그래밍 및 실습\20150269_practice5_1\20150269_practice5_1\debug\20150269.3b55aa62.tlog\link.read.1.tlog
c:\풀무 2018-2\윈도우 프로그래밍 및 실습\20150269_practice5_1\20150269_practice5_1\debug\20150269.3b55aa62.tlog\link.write.1.tlog
c:\풀무 2018-2\윈도우 프로그래밍 및 실습\20150269_practice5_1\20150269_practice5_1\debug\20150269.3b55aa62.tlog\rc.command.1.tlog
c:\풀무 2018-2\윈도우 프로그래밍 및 실습\20150269_practice5_1\20150269_practice5_1\debug\20150269.3b55aa62.tlog\rc.read.1.tlog
c:\풀무 2018-2\윈도우 프로그래밍 및 실습\20150269_practice5_1\20150269_practice5_1\debug\20150269.3b55aa62.tlog\rc.write.1.tlog
