c:\풀무 2018-2\윈도우 프로그래밍 및 실습\20150269_practice11_3\rootdll\debug\rootdll.pch
c:\풀무 2018-2\윈도우 프로그래밍 및 실습\20150269_practice11_3\rootdll\debug\vc140.pdb
c:\풀무 2018-2\윈도우 프로그래밍 및 실습\20150269_practice11_3\rootdll\debug\vc140.idb
c:\풀무 2018-2\윈도우 프로그래밍 및 실습\20150269_practice11_3\rootdll\debug\stdafx.obj
c:\풀무 2018-2\윈도우 프로그래밍 및 실습\20150269_practice11_3\rootdll\debug\calculateroot.obj
c:\풀무 2018-2\윈도우 프로그래밍 및 실습\20150269_practice11_3\rootdll\debug\rootdll.obj
c:\풀무 2018-2\윈도우 프로그래밍 및 실습\20150269_practice11_3\rootdll\debug\dllmain.obj
c:\풀무 2018-2\윈도우 프로그래밍 및 실습\20150269_practice11_3\debug\rootdll.ilk
c:\풀무 2018-2\윈도우 프로그래밍 및 실습\20150269_practice11_3\debug\rootdll.dll
c:\풀무 2018-2\윈도우 프로그래밍 및 실습\20150269_practice11_3\debug\rootdll.pdb
c:\풀무 2018-2\윈도우 프로그래밍 및 실습\20150269_practice11_3\rootdll\debug\rootdll.res
c:\풀무 2018-2\윈도우 프로그래밍 및 실습\20150269_practice11_3\debug\rootdll.lib
c:\풀무 2018-2\윈도우 프로그래밍 및 실습\20150269_practice11_3\debug\rootdll.exp
c:\풀무 2018-2\윈도우 프로그래밍 및 실습\20150269_practice11_3\rootdll\debug\rootdll.tlog\cl.command.1.tlog
c:\풀무 2018-2\윈도우 프로그래밍 및 실습\20150269_practice11_3\rootdll\debug\rootdll.tlog\cl.read.1.tlog
c:\풀무 2018-2\윈도우 프로그래밍 및 실습\20150269_practice11_3\rootdll\debug\rootdll.tlog\cl.write.1.tlog
c:\풀무 2018-2\윈도우 프로그래밍 및 실습\20150269_practice11_3\rootdll\debug\rootdll.tlog\link.command.1.tlog
c:\풀무 2018-2\윈도우 프로그래밍 및 실습\20150269_practice11_3\rootdll\debug\rootdll.tlog\link.read.1.tlog
c:\풀무 2018-2\윈도우 프로그래밍 및 실습\20150269_practice11_3\rootdll\debug\rootdll.tlog\link.write.1.tlog
c:\풀무 2018-2\윈도우 프로그래밍 및 실습\20150269_practice11_3\rootdll\debug\rootdll.tlog\rc.command.1.tlog
c:\풀무 2018-2\윈도우 프로그래밍 및 실습\20150269_practice11_3\rootdll\debug\rootdll.tlog\rc.read.1.tlog
c:\풀무 2018-2\윈도우 프로그래밍 및 실습\20150269_practice11_3\rootdll\debug\rootdll.tlog\rc.write.1.tlog
c:\풀무 2018-2\윈도우 프로그래밍 및 실습\20150269_practice11_3\rootdll\debug\rootdll.tlog\rootdll.write.1u.tlog
