c:\풀무 2018-2\윈도우 프로그래밍 및 실습\20150269_practice9_1\20150269_practice9_1\debug\20150269_practice9_1.pch
c:\풀무 2018-2\윈도우 프로그래밍 및 실습\20150269_practice9_1\20150269_practice9_1\debug\vc140.pdb
c:\풀무 2018-2\윈도우 프로그래밍 및 실습\20150269_practice9_1\20150269_practice9_1\debug\vc140.idb
c:\풀무 2018-2\윈도우 프로그래밍 및 실습\20150269_practice9_1\20150269_practice9_1\debug\stdafx.obj
c:\풀무 2018-2\윈도우 프로그래밍 및 실습\20150269_practice9_1\20150269_practice9_1\debug\20150269_practice9_1.obj
c:\풀무 2018-2\윈도우 프로그래밍 및 실습\20150269_practice9_1\20150269_practice9_1\debug\20150269_practice9_1dlg.obj
c:\풀무 2018-2\윈도우 프로그래밍 및 실습\20150269_practice9_1\20150269_practice9_1\debug\ncardlistbox.obj
c:\풀무 2018-2\윈도우 프로그래밍 및 실습\20150269_practice9_1\debug\20150269_practice9_1.ilk
c:\풀무 2018-2\윈도우 프로그래밍 및 실습\20150269_practice9_1\debug\20150269_practice9_1.exe
c:\풀무 2018-2\윈도우 프로그래밍 및 실습\20150269_practice9_1\debug\20150269_practice9_1.pdb
c:\풀무 2018-2\윈도우 프로그래밍 및 실습\20150269_practice9_1\20150269_practice9_1\debug\20150269_practice9_1.res
c:\풀무 2018-2\윈도우 프로그래밍 및 실습\20150269_practice9_1\20150269_practice9_1\debug\20150269.069887e1.tlog\cl.command.1.tlog
c:\풀무 2018-2\윈도우 프로그래밍 및 실습\20150269_practice9_1\20150269_practice9_1\debug\20150269.069887e1.tlog\cl.read.1.tlog
c:\풀무 2018-2\윈도우 프로그래밍 및 실습\20150269_practice9_1\20150269_practice9_1\debug\20150269.069887e1.tlog\cl.write.1.tlog
c:\풀무 2018-2\윈도우 프로그래밍 및 실습\20150269_practice9_1\20150269_practice9_1\debug\20150269.069887e1.tlog\link.command.1.tlog
c:\풀무 2018-2\윈도우 프로그래밍 및 실습\20150269_practice9_1\20150269_practice9_1\debug\20150269.069887e1.tlog\link.read.1.tlog
c:\풀무 2018-2\윈도우 프로그래밍 및 실습\20150269_practice9_1\20150269_practice9_1\debug\20150269.069887e1.tlog\link.write.1.tlog
c:\풀무 2018-2\윈도우 프로그래밍 및 실습\20150269_practice9_1\20150269_practice9_1\debug\20150269.069887e1.tlog\rc.command.1.tlog
c:\풀무 2018-2\윈도우 프로그래밍 및 실습\20150269_practice9_1\20150269_practice9_1\debug\20150269.069887e1.tlog\rc.read.1.tlog
c:\풀무 2018-2\윈도우 프로그래밍 및 실습\20150269_practice9_1\20150269_practice9_1\debug\20150269.069887e1.tlog\rc.write.1.tlog
