c:\풀무 2018-2\윈도우 프로그래밍 및 실습\20150269_practice3_3\20150269_practice3_3\debug\20150269_practice3_3.pch
c:\풀무 2018-2\윈도우 프로그래밍 및 실습\20150269_practice3_3\20150269_practice3_3\debug\vc140.pdb
c:\풀무 2018-2\윈도우 프로그래밍 및 실습\20150269_practice3_3\20150269_practice3_3\debug\vc140.idb
c:\풀무 2018-2\윈도우 프로그래밍 및 실습\20150269_practice3_3\20150269_practice3_3\debug\stdafx.obj
c:\풀무 2018-2\윈도우 프로그래밍 및 실습\20150269_practice3_3\20150269_practice3_3\debug\20150269_practice3_3.obj
c:\풀무 2018-2\윈도우 프로그래밍 및 실습\20150269_practice3_3\20150269_practice3_3\debug\20150269_practice3_3doc.obj
c:\풀무 2018-2\윈도우 프로그래밍 및 실습\20150269_practice3_3\20150269_practice3_3\debug\20150269_practice3_3view.obj
c:\풀무 2018-2\윈도우 프로그래밍 및 실습\20150269_practice3_3\20150269_practice3_3\debug\mainfrm.obj
c:\풀무 2018-2\윈도우 프로그래밍 및 실습\20150269_practice3_3\debug\20150269_practice3_3.ilk
c:\풀무 2018-2\윈도우 프로그래밍 및 실습\20150269_practice3_3\debug\20150269_practice3_3.exe
c:\풀무 2018-2\윈도우 프로그래밍 및 실습\20150269_practice3_3\debug\20150269_practice3_3.pdb
c:\풀무 2018-2\윈도우 프로그래밍 및 실습\20150269_practice3_3\20150269_practice3_3\debug\20150269_practice3_3.res
c:\풀무 2018-2\윈도우 프로그래밍 및 실습\20150269_practice3_3\20150269_practice3_3\debug\20150269.160318e7.tlog\cl.command.1.tlog
c:\풀무 2018-2\윈도우 프로그래밍 및 실습\20150269_practice3_3\20150269_practice3_3\debug\20150269.160318e7.tlog\cl.read.1.tlog
c:\풀무 2018-2\윈도우 프로그래밍 및 실습\20150269_practice3_3\20150269_practice3_3\debug\20150269.160318e7.tlog\cl.write.1.tlog
c:\풀무 2018-2\윈도우 프로그래밍 및 실습\20150269_practice3_3\20150269_practice3_3\debug\20150269.160318e7.tlog\link.command.1.tlog
c:\풀무 2018-2\윈도우 프로그래밍 및 실습\20150269_practice3_3\20150269_practice3_3\debug\20150269.160318e7.tlog\link.read.1.tlog
c:\풀무 2018-2\윈도우 프로그래밍 및 실습\20150269_practice3_3\20150269_practice3_3\debug\20150269.160318e7.tlog\link.write.1.tlog
c:\풀무 2018-2\윈도우 프로그래밍 및 실습\20150269_practice3_3\20150269_practice3_3\debug\20150269.160318e7.tlog\rc.command.1.tlog
c:\풀무 2018-2\윈도우 프로그래밍 및 실습\20150269_practice3_3\20150269_practice3_3\debug\20150269.160318e7.tlog\rc.read.1.tlog
c:\풀무 2018-2\윈도우 프로그래밍 및 실습\20150269_practice3_3\20150269_practice3_3\debug\20150269.160318e7.tlog\rc.write.1.tlog
