c:\풀무 2018-2\윈도우 프로그래밍 및 실습\20150269_practice10_3\20150269_practice10_3\debug\20150269_practice10_3.pch
c:\풀무 2018-2\윈도우 프로그래밍 및 실습\20150269_practice10_3\20150269_practice10_3\debug\vc140.pdb
c:\풀무 2018-2\윈도우 프로그래밍 및 실습\20150269_practice10_3\20150269_practice10_3\debug\vc140.idb
c:\풀무 2018-2\윈도우 프로그래밍 및 실습\20150269_practice10_3\20150269_practice10_3\debug\stdafx.obj
c:\풀무 2018-2\윈도우 프로그래밍 및 실습\20150269_practice10_3\20150269_practice10_3\debug\20150269_practice10_3.obj
c:\풀무 2018-2\윈도우 프로그래밍 및 실습\20150269_practice10_3\20150269_practice10_3\debug\20150269_practice10_3doc.obj
c:\풀무 2018-2\윈도우 프로그래밍 및 실습\20150269_practice10_3\20150269_practice10_3\debug\20150269_practice10_3view.obj
c:\풀무 2018-2\윈도우 프로그래밍 및 실습\20150269_practice10_3\20150269_practice10_3\debug\mainfrm.obj
c:\풀무 2018-2\윈도우 프로그래밍 및 실습\20150269_practice10_3\20150269_practice10_3\debug\secondview.obj
c:\풀무 2018-2\윈도우 프로그래밍 및 실습\20150269_practice10_3\debug\20150269_practice10_3.ilk
c:\풀무 2018-2\윈도우 프로그래밍 및 실습\20150269_practice10_3\debug\20150269_practice10_3.exe
c:\풀무 2018-2\윈도우 프로그래밍 및 실습\20150269_practice10_3\debug\20150269_practice10_3.pdb
c:\풀무 2018-2\윈도우 프로그래밍 및 실습\20150269_practice10_3\20150269_practice10_3\debug\20150269_practice10_3.res
c:\풀무 2018-2\윈도우 프로그래밍 및 실습\20150269_practice10_3\20150269_practice10_3\debug\20150269.6a8a54ad.tlog\cl.command.1.tlog
c:\풀무 2018-2\윈도우 프로그래밍 및 실습\20150269_practice10_3\20150269_practice10_3\debug\20150269.6a8a54ad.tlog\cl.read.1.tlog
c:\풀무 2018-2\윈도우 프로그래밍 및 실습\20150269_practice10_3\20150269_practice10_3\debug\20150269.6a8a54ad.tlog\cl.write.1.tlog
c:\풀무 2018-2\윈도우 프로그래밍 및 실습\20150269_practice10_3\20150269_practice10_3\debug\20150269.6a8a54ad.tlog\link.command.1.tlog
c:\풀무 2018-2\윈도우 프로그래밍 및 실습\20150269_practice10_3\20150269_practice10_3\debug\20150269.6a8a54ad.tlog\link.read.1.tlog
c:\풀무 2018-2\윈도우 프로그래밍 및 실습\20150269_practice10_3\20150269_practice10_3\debug\20150269.6a8a54ad.tlog\link.write.1.tlog
c:\풀무 2018-2\윈도우 프로그래밍 및 실습\20150269_practice10_3\20150269_practice10_3\debug\20150269.6a8a54ad.tlog\rc.command.1.tlog
c:\풀무 2018-2\윈도우 프로그래밍 및 실습\20150269_practice10_3\20150269_practice10_3\debug\20150269.6a8a54ad.tlog\rc.read.1.tlog
c:\풀무 2018-2\윈도우 프로그래밍 및 실습\20150269_practice10_3\20150269_practice10_3\debug\20150269.6a8a54ad.tlog\rc.write.1.tlog
