c:\풀무 2018-2\윈도우 프로그래밍 및 실습\20150269_practice13_1\20150269_practice13_1\debug\20150269_practice13_1.pch
c:\풀무 2018-2\윈도우 프로그래밍 및 실습\20150269_practice13_1\20150269_practice13_1\debug\vc140.pdb
c:\풀무 2018-2\윈도우 프로그래밍 및 실습\20150269_practice13_1\20150269_practice13_1\debug\vc140.idb
c:\풀무 2018-2\윈도우 프로그래밍 및 실습\20150269_practice13_1\20150269_practice13_1\debug\stdafx.obj
c:\풀무 2018-2\윈도우 프로그래밍 및 실습\20150269_practice13_1\20150269_practice13_1\debug\20150269_practice13_1.obj
c:\풀무 2018-2\윈도우 프로그래밍 및 실습\20150269_practice13_1\20150269_practice13_1\debug\20150269_practice13_1doc.obj
c:\풀무 2018-2\윈도우 프로그래밍 및 실습\20150269_practice13_1\20150269_practice13_1\debug\mainfrm.obj
c:\풀무 2018-2\윈도우 프로그래밍 및 실습\20150269_practice13_1\20150269_practice13_1\debug\20150269_practice13_1view.obj
c:\풀무 2018-2\윈도우 프로그래밍 및 실습\20150269_practice13_1\debug\20150269_practice13_1.ilk
c:\풀무 2018-2\윈도우 프로그래밍 및 실습\20150269_practice13_1\debug\20150269_practice13_1.exe
c:\풀무 2018-2\윈도우 프로그래밍 및 실습\20150269_practice13_1\debug\20150269_practice13_1.pdb
c:\풀무 2018-2\윈도우 프로그래밍 및 실습\20150269_practice13_1\20150269_practice13_1\debug\20150269_practice13_1.res
c:\풀무 2018-2\윈도우 프로그래밍 및 실습\20150269_practice13_1\20150269_practice13_1\debug\20150269.a7d62cc6.tlog\cl.command.1.tlog
c:\풀무 2018-2\윈도우 프로그래밍 및 실습\20150269_practice13_1\20150269_practice13_1\debug\20150269.a7d62cc6.tlog\cl.read.1.tlog
c:\풀무 2018-2\윈도우 프로그래밍 및 실습\20150269_practice13_1\20150269_practice13_1\debug\20150269.a7d62cc6.tlog\cl.write.1.tlog
c:\풀무 2018-2\윈도우 프로그래밍 및 실습\20150269_practice13_1\20150269_practice13_1\debug\20150269.a7d62cc6.tlog\link.command.1.tlog
c:\풀무 2018-2\윈도우 프로그래밍 및 실습\20150269_practice13_1\20150269_practice13_1\debug\20150269.a7d62cc6.tlog\link.read.1.tlog
c:\풀무 2018-2\윈도우 프로그래밍 및 실습\20150269_practice13_1\20150269_practice13_1\debug\20150269.a7d62cc6.tlog\link.write.1.tlog
c:\풀무 2018-2\윈도우 프로그래밍 및 실습\20150269_practice13_1\20150269_practice13_1\debug\20150269.a7d62cc6.tlog\rc.command.1.tlog
c:\풀무 2018-2\윈도우 프로그래밍 및 실습\20150269_practice13_1\20150269_practice13_1\debug\20150269.a7d62cc6.tlog\rc.read.1.tlog
c:\풀무 2018-2\윈도우 프로그래밍 및 실습\20150269_practice13_1\20150269_practice13_1\debug\20150269.a7d62cc6.tlog\rc.write.1.tlog
