c:\풀무 2018-2\윈도우 프로그래밍 및 실습\20150269_practice11_2\debug\calenderdll.lib
c:\풀무 2018-2\윈도우 프로그래밍 및 실습\20150269_practice11_2\debug\calenderdll.exp
c:\풀무 2018-2\윈도우 프로그래밍 및 실습\20150269_practice11_2\calenderdll\debug\calenderdll.pch
c:\풀무 2018-2\윈도우 프로그래밍 및 실습\20150269_practice11_2\calenderdll\debug\vc140.pdb
c:\풀무 2018-2\윈도우 프로그래밍 및 실습\20150269_practice11_2\calenderdll\debug\vc140.idb
c:\풀무 2018-2\윈도우 프로그래밍 및 실습\20150269_practice11_2\calenderdll\debug\stdafx.obj
c:\풀무 2018-2\윈도우 프로그래밍 및 실습\20150269_practice11_2\calenderdll\debug\calenderdll.obj
c:\풀무 2018-2\윈도우 프로그래밍 및 실습\20150269_practice11_2\debug\calenderdll.ilk
c:\풀무 2018-2\윈도우 프로그래밍 및 실습\20150269_practice11_2\debug\calenderdll.dll
c:\풀무 2018-2\윈도우 프로그래밍 및 실습\20150269_practice11_2\debug\calenderdll.pdb
c:\풀무 2018-2\윈도우 프로그래밍 및 실습\20150269_practice11_2\calenderdll\debug\calenderdll.res
c:\풀무 2018-2\윈도우 프로그래밍 및 실습\20150269_practice11_2\calenderdll\debug\calenderdll.tlog\calenderdll.write.1u.tlog
c:\풀무 2018-2\윈도우 프로그래밍 및 실습\20150269_practice11_2\calenderdll\debug\calenderdll.tlog\cl.command.1.tlog
c:\풀무 2018-2\윈도우 프로그래밍 및 실습\20150269_practice11_2\calenderdll\debug\calenderdll.tlog\cl.read.1.tlog
c:\풀무 2018-2\윈도우 프로그래밍 및 실습\20150269_practice11_2\calenderdll\debug\calenderdll.tlog\cl.write.1.tlog
c:\풀무 2018-2\윈도우 프로그래밍 및 실습\20150269_practice11_2\calenderdll\debug\calenderdll.tlog\link.command.1.tlog
c:\풀무 2018-2\윈도우 프로그래밍 및 실습\20150269_practice11_2\calenderdll\debug\calenderdll.tlog\link.read.1.tlog
c:\풀무 2018-2\윈도우 프로그래밍 및 실습\20150269_practice11_2\calenderdll\debug\calenderdll.tlog\link.write.1.tlog
c:\풀무 2018-2\윈도우 프로그래밍 및 실습\20150269_practice11_2\calenderdll\debug\calenderdll.tlog\rc.command.1.tlog
c:\풀무 2018-2\윈도우 프로그래밍 및 실습\20150269_practice11_2\calenderdll\debug\calenderdll.tlog\rc.read.1.tlog
c:\풀무 2018-2\윈도우 프로그래밍 및 실습\20150269_practice11_2\calenderdll\debug\calenderdll.tlog\rc.write.1.tlog
