c:\풀무 2018-2\윈도우 프로그래밍 및 실습\20150269_practice8_1\20150269_practice8_1\debug\20150269_practice8_1.pch
c:\풀무 2018-2\윈도우 프로그래밍 및 실습\20150269_practice8_1\20150269_practice8_1\debug\vc140.pdb
c:\풀무 2018-2\윈도우 프로그래밍 및 실습\20150269_practice8_1\20150269_practice8_1\debug\vc140.idb
c:\풀무 2018-2\윈도우 프로그래밍 및 실습\20150269_practice8_1\20150269_practice8_1\debug\stdafx.obj
c:\풀무 2018-2\윈도우 프로그래밍 및 실습\20150269_practice8_1\20150269_practice8_1\debug\20150269_practice8_1.obj
c:\풀무 2018-2\윈도우 프로그래밍 및 실습\20150269_practice8_1\20150269_practice8_1\debug\20150269_practice8_1dlg.obj
c:\풀무 2018-2\윈도우 프로그래밍 및 실습\20150269_practice8_1\20150269_practice8_1\debug\colordlg.obj
c:\풀무 2018-2\윈도우 프로그래밍 및 실습\20150269_practice8_1\20150269_practice8_1\debug\objectdlg.obj
c:\풀무 2018-2\윈도우 프로그래밍 및 실습\20150269_practice8_1\debug\20150269_practice8_1.ilk
c:\풀무 2018-2\윈도우 프로그래밍 및 실습\20150269_practice8_1\debug\20150269_practice8_1.exe
c:\풀무 2018-2\윈도우 프로그래밍 및 실습\20150269_practice8_1\debug\20150269_practice8_1.pdb
c:\풀무 2018-2\윈도우 프로그래밍 및 실습\20150269_practice8_1\20150269_practice8_1\debug\20150269_practice8_1.res
c:\풀무 2018-2\윈도우 프로그래밍 및 실습\20150269_practice8_1\20150269_practice8_1\debug\20150269.e8ad0a9b.tlog\cl.command.1.tlog
c:\풀무 2018-2\윈도우 프로그래밍 및 실습\20150269_practice8_1\20150269_practice8_1\debug\20150269.e8ad0a9b.tlog\cl.read.1.tlog
c:\풀무 2018-2\윈도우 프로그래밍 및 실습\20150269_practice8_1\20150269_practice8_1\debug\20150269.e8ad0a9b.tlog\cl.write.1.tlog
c:\풀무 2018-2\윈도우 프로그래밍 및 실습\20150269_practice8_1\20150269_practice8_1\debug\20150269.e8ad0a9b.tlog\link.command.1.tlog
c:\풀무 2018-2\윈도우 프로그래밍 및 실습\20150269_practice8_1\20150269_practice8_1\debug\20150269.e8ad0a9b.tlog\link.read.1.tlog
c:\풀무 2018-2\윈도우 프로그래밍 및 실습\20150269_practice8_1\20150269_practice8_1\debug\20150269.e8ad0a9b.tlog\link.write.1.tlog
c:\풀무 2018-2\윈도우 프로그래밍 및 실습\20150269_practice8_1\20150269_practice8_1\debug\20150269.e8ad0a9b.tlog\rc.command.1.tlog
c:\풀무 2018-2\윈도우 프로그래밍 및 실습\20150269_practice8_1\20150269_practice8_1\debug\20150269.e8ad0a9b.tlog\rc.read.1.tlog
c:\풀무 2018-2\윈도우 프로그래밍 및 실습\20150269_practice8_1\20150269_practice8_1\debug\20150269.e8ad0a9b.tlog\rc.write.1.tlog
