c:\users\shin\documents\visual studio 2015\projects\최에에에에에조오종조조조조조옹ㅈ조옹\mfcapplication3\debug\mfcapplication3.pch
c:\users\shin\documents\visual studio 2015\projects\최에에에에에조오종조조조조조옹ㅈ조옹\mfcapplication3\debug\vc140.pdb
c:\users\shin\documents\visual studio 2015\projects\최에에에에에조오종조조조조조옹ㅈ조옹\mfcapplication3\debug\vc140.idb
c:\users\shin\documents\visual studio 2015\projects\최에에에에에조오종조조조조조옹ㅈ조옹\mfcapplication3\debug\stdafx.obj
c:\users\shin\documents\visual studio 2015\projects\최에에에에에조오종조조조조조옹ㅈ조옹\mfcapplication3\debug\db.obj
c:\users\shin\documents\visual studio 2015\projects\최에에에에에조오종조조조조조옹ㅈ조옹\mfcapplication3\debug\mfcapplication3.obj
c:\users\shin\documents\visual studio 2015\projects\최에에에에에조오종조조조조조옹ㅈ조옹\mfcapplication3\debug\mfcapplication3dlg.obj
c:\users\shin\documents\visual studio 2015\projects\최에에에에에조오종조조조조조옹ㅈ조옹\mfcapplication3\debug\projectdb.obj
c:\users\shin\documents\visual studio 2015\projects\최에에에에에조오종조조조조조옹ㅈ조옹\debug\mfcapplication3.ilk
c:\users\shin\documents\visual studio 2015\projects\최에에에에에조오종조조조조조옹ㅈ조옹\debug\mfcapplication3.exe
c:\users\shin\documents\visual studio 2015\projects\최에에에에에조오종조조조조조옹ㅈ조옹\debug\mfcapplication3.pdb
c:\users\shin\documents\visual studio 2015\projects\최에에에에에조오종조조조조조옹ㅈ조옹\mfcapplication3\debug\mfcapplication3.res
c:\users\shin\documents\visual studio 2015\projects\최에에에에에조오종조조조조조옹ㅈ조옹\mfcapplication3\debug\mfcapplication3.tlog\cl.command.1.tlog
c:\users\shin\documents\visual studio 2015\projects\최에에에에에조오종조조조조조옹ㅈ조옹\mfcapplication3\debug\mfcapplication3.tlog\cl.read.1.tlog
c:\users\shin\documents\visual studio 2015\projects\최에에에에에조오종조조조조조옹ㅈ조옹\mfcapplication3\debug\mfcapplication3.tlog\cl.write.1.tlog
c:\users\shin\documents\visual studio 2015\projects\최에에에에에조오종조조조조조옹ㅈ조옹\mfcapplication3\debug\mfcapplication3.tlog\link.command.1.tlog
c:\users\shin\documents\visual studio 2015\projects\최에에에에에조오종조조조조조옹ㅈ조옹\mfcapplication3\debug\mfcapplication3.tlog\link.read.1.tlog
c:\users\shin\documents\visual studio 2015\projects\최에에에에에조오종조조조조조옹ㅈ조옹\mfcapplication3\debug\mfcapplication3.tlog\link.write.1.tlog
c:\users\shin\documents\visual studio 2015\projects\최에에에에에조오종조조조조조옹ㅈ조옹\mfcapplication3\debug\mfcapplication3.tlog\rc.command.1.tlog
c:\users\shin\documents\visual studio 2015\projects\최에에에에에조오종조조조조조옹ㅈ조옹\mfcapplication3\debug\mfcapplication3.tlog\rc.read.1.tlog
c:\users\shin\documents\visual studio 2015\projects\최에에에에에조오종조조조조조옹ㅈ조옹\mfcapplication3\debug\mfcapplication3.tlog\rc.write.1.tlog
