c:\풀무 2018-2\윈도우 프로그래밍 및 실습\20150269_practice10_1\20150269_practice10_1\debug\20150269_practice10_1.pch
c:\풀무 2018-2\윈도우 프로그래밍 및 실습\20150269_practice10_1\20150269_practice10_1\debug\vc140.pdb
c:\풀무 2018-2\윈도우 프로그래밍 및 실습\20150269_practice10_1\20150269_practice10_1\debug\vc140.idb
c:\풀무 2018-2\윈도우 프로그래밍 및 실습\20150269_practice10_1\20150269_practice10_1\debug\stdafx.obj
c:\풀무 2018-2\윈도우 프로그래밍 및 실습\20150269_practice10_1\20150269_practice10_1\debug\20150269_practice10_1.obj
c:\풀무 2018-2\윈도우 프로그래밍 및 실습\20150269_practice10_1\20150269_practice10_1\debug\20150269_practice10_1doc.obj
c:\풀무 2018-2\윈도우 프로그래밍 및 실습\20150269_practice10_1\20150269_practice10_1\debug\20150269_practice10_1view.obj
c:\풀무 2018-2\윈도우 프로그래밍 및 실습\20150269_practice10_1\20150269_practice10_1\debug\mainfrm.obj
c:\풀무 2018-2\윈도우 프로그래밍 및 실습\20150269_practice10_1\debug\20150269_practice10_1.ilk
c:\풀무 2018-2\윈도우 프로그래밍 및 실습\20150269_practice10_1\debug\20150269_practice10_1.exe
c:\풀무 2018-2\윈도우 프로그래밍 및 실습\20150269_practice10_1\debug\20150269_practice10_1.pdb
c:\풀무 2018-2\윈도우 프로그래밍 및 실습\20150269_practice10_1\20150269_practice10_1\debug\20150269_practice10_1.res
c:\풀무 2018-2\윈도우 프로그래밍 및 실습\20150269_practice10_1\20150269_practice10_1\debug\20150269.8d3a785b.tlog\cl.command.1.tlog
c:\풀무 2018-2\윈도우 프로그래밍 및 실습\20150269_practice10_1\20150269_practice10_1\debug\20150269.8d3a785b.tlog\cl.read.1.tlog
c:\풀무 2018-2\윈도우 프로그래밍 및 실습\20150269_practice10_1\20150269_practice10_1\debug\20150269.8d3a785b.tlog\cl.write.1.tlog
c:\풀무 2018-2\윈도우 프로그래밍 및 실습\20150269_practice10_1\20150269_practice10_1\debug\20150269.8d3a785b.tlog\link.command.1.tlog
c:\풀무 2018-2\윈도우 프로그래밍 및 실습\20150269_practice10_1\20150269_practice10_1\debug\20150269.8d3a785b.tlog\link.read.1.tlog
c:\풀무 2018-2\윈도우 프로그래밍 및 실습\20150269_practice10_1\20150269_practice10_1\debug\20150269.8d3a785b.tlog\link.write.1.tlog
c:\풀무 2018-2\윈도우 프로그래밍 및 실습\20150269_practice10_1\20150269_practice10_1\debug\20150269.8d3a785b.tlog\rc.command.1.tlog
c:\풀무 2018-2\윈도우 프로그래밍 및 실습\20150269_practice10_1\20150269_practice10_1\debug\20150269.8d3a785b.tlog\rc.read.1.tlog
c:\풀무 2018-2\윈도우 프로그래밍 및 실습\20150269_practice10_1\20150269_practice10_1\debug\20150269.8d3a785b.tlog\rc.write.1.tlog
