c:\풀무 2018-2\윈도우 프로그래밍 및 실습\20150269_practice3_1\20150269_practice3_1\debug\20150269_practice3_1.pch
c:\풀무 2018-2\윈도우 프로그래밍 및 실습\20150269_practice3_1\20150269_practice3_1\debug\vc140.pdb
c:\풀무 2018-2\윈도우 프로그래밍 및 실습\20150269_practice3_1\20150269_practice3_1\debug\vc140.idb
c:\풀무 2018-2\윈도우 프로그래밍 및 실습\20150269_practice3_1\20150269_practice3_1\debug\stdafx.obj
c:\풀무 2018-2\윈도우 프로그래밍 및 실습\20150269_practice3_1\20150269_practice3_1\debug\20150269_practice3_1.obj
c:\풀무 2018-2\윈도우 프로그래밍 및 실습\20150269_practice3_1\20150269_practice3_1\debug\20150269_practice3_1doc.obj
c:\풀무 2018-2\윈도우 프로그래밍 및 실습\20150269_practice3_1\20150269_practice3_1\debug\20150269_practice3_1view.obj
c:\풀무 2018-2\윈도우 프로그래밍 및 실습\20150269_practice3_1\20150269_practice3_1\debug\mainfrm.obj
c:\풀무 2018-2\윈도우 프로그래밍 및 실습\20150269_practice3_1\debug\20150269_practice3_1.ilk
c:\풀무 2018-2\윈도우 프로그래밍 및 실습\20150269_practice3_1\debug\20150269_practice3_1.exe
c:\풀무 2018-2\윈도우 프로그래밍 및 실습\20150269_practice3_1\debug\20150269_practice3_1.pdb
c:\풀무 2018-2\윈도우 프로그래밍 및 실습\20150269_practice3_1\20150269_practice3_1\debug\20150269_practice3_1.res
c:\풀무 2018-2\윈도우 프로그래밍 및 실습\20150269_practice3_1\20150269_practice3_1\debug\20150269.579f0f4a.tlog\cl.command.1.tlog
c:\풀무 2018-2\윈도우 프로그래밍 및 실습\20150269_practice3_1\20150269_practice3_1\debug\20150269.579f0f4a.tlog\cl.read.1.tlog
c:\풀무 2018-2\윈도우 프로그래밍 및 실습\20150269_practice3_1\20150269_practice3_1\debug\20150269.579f0f4a.tlog\cl.write.1.tlog
c:\풀무 2018-2\윈도우 프로그래밍 및 실습\20150269_practice3_1\20150269_practice3_1\debug\20150269.579f0f4a.tlog\link.command.1.tlog
c:\풀무 2018-2\윈도우 프로그래밍 및 실습\20150269_practice3_1\20150269_practice3_1\debug\20150269.579f0f4a.tlog\link.read.1.tlog
c:\풀무 2018-2\윈도우 프로그래밍 및 실습\20150269_practice3_1\20150269_practice3_1\debug\20150269.579f0f4a.tlog\link.write.1.tlog
c:\풀무 2018-2\윈도우 프로그래밍 및 실습\20150269_practice3_1\20150269_practice3_1\debug\20150269.579f0f4a.tlog\rc.command.1.tlog
c:\풀무 2018-2\윈도우 프로그래밍 및 실습\20150269_practice3_1\20150269_practice3_1\debug\20150269.579f0f4a.tlog\rc.read.1.tlog
c:\풀무 2018-2\윈도우 프로그래밍 및 실습\20150269_practice3_1\20150269_practice3_1\debug\20150269.579f0f4a.tlog\rc.write.1.tlog
