c:\풀무 2018-2\윈도우 프로그래밍 및 실습\20150269_practice2_2\20150269_practice2_2\debug\20150269_practice2_2.pch
c:\풀무 2018-2\윈도우 프로그래밍 및 실습\20150269_practice2_2\20150269_practice2_2\debug\vc140.pdb
c:\풀무 2018-2\윈도우 프로그래밍 및 실습\20150269_practice2_2\20150269_practice2_2\debug\vc140.idb
c:\풀무 2018-2\윈도우 프로그래밍 및 실습\20150269_practice2_2\20150269_practice2_2\debug\stdafx.obj
c:\풀무 2018-2\윈도우 프로그래밍 및 실습\20150269_practice2_2\20150269_practice2_2\debug\20150269_practice2_2.obj
c:\풀무 2018-2\윈도우 프로그래밍 및 실습\20150269_practice2_2\20150269_practice2_2\debug\20150269_practice2_2doc.obj
c:\풀무 2018-2\윈도우 프로그래밍 및 실습\20150269_practice2_2\20150269_practice2_2\debug\20150269_practice2_2view.obj
c:\풀무 2018-2\윈도우 프로그래밍 및 실습\20150269_practice2_2\20150269_practice2_2\debug\mainfrm.obj
c:\풀무 2018-2\윈도우 프로그래밍 및 실습\20150269_practice2_2\debug\20150269_practice2_2.ilk
c:\풀무 2018-2\윈도우 프로그래밍 및 실습\20150269_practice2_2\debug\20150269_practice2_2.exe
c:\풀무 2018-2\윈도우 프로그래밍 및 실습\20150269_practice2_2\debug\20150269_practice2_2.pdb
c:\풀무 2018-2\윈도우 프로그래밍 및 실습\20150269_practice2_2\20150269_practice2_2\debug\20150269_practice2_2.res
c:\풀무 2018-2\윈도우 프로그래밍 및 실습\20150269_practice2_2\20150269_practice2_2\debug\20150269.d0d707cb.tlog\cl.command.1.tlog
c:\풀무 2018-2\윈도우 프로그래밍 및 실습\20150269_practice2_2\20150269_practice2_2\debug\20150269.d0d707cb.tlog\cl.read.1.tlog
c:\풀무 2018-2\윈도우 프로그래밍 및 실습\20150269_practice2_2\20150269_practice2_2\debug\20150269.d0d707cb.tlog\cl.write.1.tlog
c:\풀무 2018-2\윈도우 프로그래밍 및 실습\20150269_practice2_2\20150269_practice2_2\debug\20150269.d0d707cb.tlog\link.command.1.tlog
c:\풀무 2018-2\윈도우 프로그래밍 및 실습\20150269_practice2_2\20150269_practice2_2\debug\20150269.d0d707cb.tlog\link.read.1.tlog
c:\풀무 2018-2\윈도우 프로그래밍 및 실습\20150269_practice2_2\20150269_practice2_2\debug\20150269.d0d707cb.tlog\link.write.1.tlog
c:\풀무 2018-2\윈도우 프로그래밍 및 실습\20150269_practice2_2\20150269_practice2_2\debug\20150269.d0d707cb.tlog\rc.command.1.tlog
c:\풀무 2018-2\윈도우 프로그래밍 및 실습\20150269_practice2_2\20150269_practice2_2\debug\20150269.d0d707cb.tlog\rc.read.1.tlog
c:\풀무 2018-2\윈도우 프로그래밍 및 실습\20150269_practice2_2\20150269_practice2_2\debug\20150269.d0d707cb.tlog\rc.write.1.tlog
