c:\풀무 2018-2\윈도우 프로그래밍 및 실습\20150269_practice5_4\20150269_practice5_4\release\20150269_practice5_4.pch
c:\풀무 2018-2\윈도우 프로그래밍 및 실습\20150269_practice5_4\20150269_practice5_4\release\vc140.pdb
c:\풀무 2018-2\윈도우 프로그래밍 및 실습\20150269_practice5_4\20150269_practice5_4\release\stdafx.obj
c:\풀무 2018-2\윈도우 프로그래밍 및 실습\20150269_practice5_4\20150269_practice5_4\release\textoutpane.obj
c:\풀무 2018-2\윈도우 프로그래밍 및 실습\20150269_practice5_4\20150269_practice5_4\release\textoutctrl.obj
c:\풀무 2018-2\윈도우 프로그래밍 및 실습\20150269_practice5_4\20150269_practice5_4\release\mainfrm.obj
c:\풀무 2018-2\윈도우 프로그래밍 및 실습\20150269_practice5_4\20150269_practice5_4\release\20150269_practice5_4view.obj
c:\풀무 2018-2\윈도우 프로그래밍 및 실습\20150269_practice5_4\20150269_practice5_4\release\20150269_practice5_4doc.obj
c:\풀무 2018-2\윈도우 프로그래밍 및 실습\20150269_practice5_4\20150269_practice5_4\release\20150269_practice5_4.obj
c:\풀무 2018-2\윈도우 프로그래밍 및 실습\20150269_practice5_4\release\20150269_practice5_4.exe
c:\풀무 2018-2\윈도우 프로그래밍 및 실습\20150269_practice5_4\release\20150269_practice5_4.ipdb
c:\풀무 2018-2\윈도우 프로그래밍 및 실습\20150269_practice5_4\release\20150269_practice5_4.iobj
c:\풀무 2018-2\윈도우 프로그래밍 및 실습\20150269_practice5_4\release\20150269_practice5_4.pdb
c:\풀무 2018-2\윈도우 프로그래밍 및 실습\20150269_practice5_4\20150269_practice5_4\release\20150269_practice5_4.res
c:\풀무 2018-2\윈도우 프로그래밍 및 실습\20150269_practice5_4\20150269_practice5_4\release\20150269.d3f570a8.tlog\cl.command.1.tlog
c:\풀무 2018-2\윈도우 프로그래밍 및 실습\20150269_practice5_4\20150269_practice5_4\release\20150269.d3f570a8.tlog\cl.read.1.tlog
c:\풀무 2018-2\윈도우 프로그래밍 및 실습\20150269_practice5_4\20150269_practice5_4\release\20150269.d3f570a8.tlog\cl.write.1.tlog
c:\풀무 2018-2\윈도우 프로그래밍 및 실습\20150269_practice5_4\20150269_practice5_4\release\20150269.d3f570a8.tlog\link.command.1.tlog
c:\풀무 2018-2\윈도우 프로그래밍 및 실습\20150269_practice5_4\20150269_practice5_4\release\20150269.d3f570a8.tlog\link.read.1.tlog
c:\풀무 2018-2\윈도우 프로그래밍 및 실습\20150269_practice5_4\20150269_practice5_4\release\20150269.d3f570a8.tlog\link.write.1.tlog
c:\풀무 2018-2\윈도우 프로그래밍 및 실습\20150269_practice5_4\20150269_practice5_4\release\20150269.d3f570a8.tlog\rc.command.1.tlog
c:\풀무 2018-2\윈도우 프로그래밍 및 실습\20150269_practice5_4\20150269_practice5_4\release\20150269.d3f570a8.tlog\rc.read.1.tlog
c:\풀무 2018-2\윈도우 프로그래밍 및 실습\20150269_practice5_4\20150269_practice5_4\release\20150269.d3f570a8.tlog\rc.write.1.tlog
